#
# There is insufficient memory for the Java Runtime Environment to continue.
# Native memory allocation (malloc) failed to allocate 262160 bytes for Chunk::new
# Possible reasons:
#   The system is out of physical RAM or swap space
#   The process is running with CompressedOops enabled, and the Java Heap may be blocking the growth of the native heap
# Possible solutions:
#   Reduce memory load on the system
#   Increase physical memory or swap space
#   Check if swap backing store is full
#   Decrease Java heap size (-Xmx/-Xms)
#   Decrease number of Java threads
#   Decrease Java thread stack sizes (-Xss)
#   Set larger code cache with -XX:ReservedCodeCacheSize=
#   JVM is running with Unscaled Compressed Oops mode in which the Java heap is
#     placed in the first 4GB address space. The Java Heap base address is the
#     maximum limit for the native heap growth. Please use -XX:HeapBaseMinAddress
#     to set the Java Heap base and to place the Java Heap above 4GB virtual address.
# This output file may be truncated or incomplete.
#
#  Out of Memory Error (allocation.cpp:389), pid=8792, tid=0x00000000000028f0
#
# JRE version: OpenJDK Runtime Environment (8.0_212-b04) (build 1.8.0_212-release-1586-b04)
# Java VM: OpenJDK 64-Bit Server VM (25.212-b04 mixed mode windows-amd64 compressed oops)
# Failed to write core dump. Minidumps are not enabled by default on client versions of Windows
#

---------------  T H R E A D  ---------------

Current thread (0x0000000015d79000):  JavaThread "C2 CompilerThread0" daemon [_thread_in_native, id=10480, stack(0x00000000173d0000,0x00000000174d0000)]

Stack: [0x00000000173d0000,0x00000000174d0000]
[error occurred during error reporting (printing stack bounds), id 0xc0000005]

Native frames: (J=compiled Java code, j=interpreted, Vv=VM code, C=native code)


Current CompileTask:
C2:   9633 1442       4       java.net.URLClassLoader$1::run (5 bytes)


---------------  P R O C E S S  ---------------

Java Threads: ( => current thread )
  0x0000000018d21800 JavaThread "Cache worker for journal cache (C:\Users\Aleth\.gradle\caches\journal-1)" [_thread_blocked, id=4632, stack(0x000000001ab20000,0x000000001ac20000)]
  0x0000000018d20000 JavaThread "File lock request listener" [_thread_in_native, id=10248, stack(0x000000001aa20000,0x000000001ab20000)]
  0x0000000018d24000 JavaThread "Cache worker for file hash cache (C:\Users\Aleth\.gradle\caches\5.6.4\fileHashes)" [_thread_blocked, id=11452, stack(0x000000001a920000,0x000000001aa20000)]
  0x000000001882c000 JavaThread "Thread-9" [_thread_blocked, id=8404, stack(0x000000001a820000,0x000000001a920000)]
  0x0000000018802000 JavaThread "Stdin handler" [_thread_blocked, id=4736, stack(0x000000001a720000,0x000000001a820000)]
  0x0000000018801800 JavaThread "Asynchronous log dispatcher for DefaultDaemonConnection: socket connection from /127.0.0.1:50638 to /127.0.0.1:50639" [_thread_blocked, id=12092, stack(0x000000001a620000,0x000000001a720000)]
  0x0000000018f54800 JavaThread "Daemon worker" [_thread_in_native, id=11812, stack(0x000000001a320000,0x000000001a420000)]
  0x00000000184a3800 JavaThread "Cancel handler" [_thread_blocked, id=11312, stack(0x000000001a220000,0x000000001a320000)]
  0x000000001790a000 JavaThread "Handler for socket connection from /127.0.0.1:50638 to /127.0.0.1:50639" [_thread_in_native, id=10208, stack(0x0000000019f20000,0x000000001a020000)]
  0x0000000017909800 JavaThread "Daemon" [_thread_blocked, id=10876, stack(0x0000000019e20000,0x0000000019f20000)]
  0x000000001884b000 JavaThread "Daemon periodic checks" [_thread_blocked, id=9092, stack(0x0000000019d20000,0x0000000019e20000)]
  0x0000000018cb8800 JavaThread "Incoming local TCP Connector on port 50638" [_thread_in_native, id=8840, stack(0x0000000019ae0000,0x0000000019be0000)]
  0x0000000018771800 JavaThread "Daemon health stats" [_thread_blocked, id=2772, stack(0x00000000194a0000,0x00000000195a0000)]
  0x00000000175d5800 JavaThread "Service Thread" daemon [_thread_blocked, id=11620, stack(0x0000000017ad0000,0x0000000017bd0000)]
  0x0000000015ddd000 JavaThread "C1 CompilerThread2" daemon [_thread_blocked, id=5436, stack(0x00000000179d0000,0x0000000017ad0000)]
  0x0000000015dd4800 JavaThread "C2 CompilerThread1" daemon [_thread_blocked, id=6132, stack(0x00000000174d0000,0x00000000175d0000)]
=>0x0000000015d79000 JavaThread "C2 CompilerThread0" daemon [_thread_in_native, id=10480, stack(0x00000000173d0000,0x00000000174d0000)]
  0x0000000015d85800 JavaThread "Attach Listener" daemon [_thread_blocked, id=8704, stack(0x00000000172d0000,0x00000000173d0000)]
  0x0000000015d84800 JavaThread "Signal Dispatcher" daemon [_thread_blocked, id=6828, stack(0x00000000171d0000,0x00000000172d0000)]
  0x000000000240b000 JavaThread "Finalizer" daemon [_thread_blocked, id=1724, stack(0x0000000016fd0000,0x00000000170d0000)]
  0x0000000015d69000 JavaThread "Reference Handler" daemon [_thread_blocked, id=11656, stack(0x0000000016ed0000,0x0000000016fd0000)]
  0x000000000230d800 JavaThread "main" [_thread_blocked, id=6712, stack(0x0000000002160000,0x0000000002260000)]

Other Threads:
  0x0000000015d46000 VMThread [stack: 0x0000000016dd0000,0x0000000016ed0000] [id=2632]
  0x00000000175d7000 WatcherThread [stack: 0x0000000017bd0000,0x0000000017cd0000] [id=9784]

VM state:not at safepoint (normal execution)

VM Mutex/Monitor currently owned by a thread: None

heap address: 0x00000000a0000000, size: 1536 MB, Compressed Oops mode: 32-bit
Narrow klass base: 0x0000000000000000, Narrow klass shift: 3
Compressed class space size: 1073741824 Address: 0x0000000100000000

Heap:
 PSYoungGen      total 18432K, used 16208K [0x00000000e0000000, 0x00000000e2400000, 0x0000000100000000)
  eden space 15872K, 91% used [0x00000000e0000000,0x00000000e0e30c48,0x00000000e0f80000)
  from space 2560K, 65% used [0x00000000e0f80000,0x00000000e1123400,0x00000000e1200000)
  to   space 5120K, 0% used [0x00000000e1f00000,0x00000000e1f00000,0x00000000e2400000)
 ParOldGen       total 29696K, used 4777K [0x00000000a0000000, 0x00000000a1d00000, 0x00000000e0000000)
  object space 29696K, 16% used [0x00000000a0000000,0x00000000a04aa488,0x00000000a1d00000)
 Metaspace       used 14374K, capacity 14806K, committed 14976K, reserved 1064960K
  class space    used 1991K, capacity 2127K, committed 2176K, reserved 1048576K

Card table byte_map: [0x00000000117d0000,0x0000000011ae0000] byte_map_base: 0x00000000112d0000

Marking Bits: (ParMarkBitMap*) 0x0000000060969f30
 Begin Bits: [0x00000000120e0000, 0x00000000138e0000)
 End Bits:   [0x00000000138e0000, 0x00000000150e0000)

Polling page: 0x0000000000940000

CodeCache: size=245760Kb used=4605Kb max_used=4647Kb free=241154Kb
 bounds [0x0000000002410000, 0x00000000028a0000, 0x0000000011410000]
 total_blobs=1703 nmethods=1321 adapters=296
 compilation: enabled

Compilation events (10 events):
Event: 9.614 Thread 0x0000000015ddd000 nmethod 1455 0x0000000002533ed0 code [0x0000000002534040, 0x0000000002534310]
Event: 9.624 Thread 0x0000000015dd4800 nmethod 1450 0x000000000254e410 code [0x000000000254e5a0, 0x000000000254f328]
Event: 9.628 Thread 0x0000000015ddd000 1456       3       java.util.ArrayList::toArray (60 bytes)
Event: 9.629 Thread 0x0000000015ddd000 nmethod 1456 0x0000000002533590 code [0x0000000002533720, 0x0000000002533cd8]
Event: 9.629 Thread 0x0000000015ddd000 1457       1       sun.reflect.generics.tree.ClassTypeSignature::getPath (5 bytes)
Event: 9.629 Thread 0x0000000015ddd000 nmethod 1457 0x0000000002656c90 code [0x0000000002656de0, 0x0000000002656ef0]
Event: 9.629 Thread 0x0000000015ddd000 1458       1       sun.reflect.generics.tree.SimpleClassTypeSignature::getName (5 bytes)
Event: 9.629 Thread 0x0000000015ddd000 nmethod 1458 0x00000000026569d0 code [0x0000000002656b20, 0x0000000002656c30]
Event: 9.629 Thread 0x0000000015ddd000 1459       1       sun.reflect.generics.tree.SimpleClassTypeSignature::getDollar (5 bytes)
Event: 9.630 Thread 0x0000000015ddd000 nmethod 1459 0x0000000002656710 code [0x0000000002656860, 0x0000000002656970]

GC Heap History (10 events):
Event: 5.202 GC heap before
{Heap before GC invocations=4 (full 0):
 PSYoungGen      total 18432K, used 17952K [0x00000000e0000000, 0x00000000e1480000, 0x0000000100000000)
  eden space 15872K, 100% used [0x00000000e0000000,0x00000000e0f80000,0x00000000e0f80000)
  from space 2560K, 81% used [0x00000000e0f80000,0x00000000e1188000,0x00000000e1200000)
  to   space 2560K, 0% used [0x00000000e1200000,0x00000000e1200000,0x00000000e1480000)
 ParOldGen       total 42496K, used 595K [0x00000000a0000000, 0x00000000a2980000, 0x00000000e0000000)
  object space 42496K, 1% used [0x00000000a0000000,0x00000000a0094ce8,0x00000000a2980000)
 Metaspace       used 7267K, capacity 7580K, committed 7680K, reserved 1056768K
  class space    used 891K, capacity 980K, committed 1024K, reserved 1048576K
Event: 5.208 GC heap after
Heap after GC invocations=4 (full 0):
 PSYoungGen      total 18432K, used 2528K [0x00000000e0000000, 0x00000000e1480000, 0x0000000100000000)
  eden space 15872K, 0% used [0x00000000e0000000,0x00000000e0000000,0x00000000e0f80000)
  from space 2560K, 98% used [0x00000000e1200000,0x00000000e1478020,0x00000000e1480000)
  to   space 2560K, 0% used [0x00000000e0f80000,0x00000000e0f80000,0x00000000e1200000)
 ParOldGen       total 42496K, used 1177K [0x00000000a0000000, 0x00000000a2980000, 0x00000000e0000000)
  object space 42496K, 2% used [0x00000000a0000000,0x00000000a0126618,0x00000000a2980000)
 Metaspace       used 7267K, capacity 7580K, committed 7680K, reserved 1056768K
  class space    used 891K, capacity 980K, committed 1024K, reserved 1048576K
}
Event: 5.871 GC heap before
{Heap before GC invocations=5 (full 0):
 PSYoungGen      total 18432K, used 18400K [0x00000000e0000000, 0x00000000e1480000, 0x0000000100000000)
  eden space 15872K, 100% used [0x00000000e0000000,0x00000000e0f80000,0x00000000e0f80000)
  from space 2560K, 98% used [0x00000000e1200000,0x00000000e1478020,0x00000000e1480000)
  to   space 2560K, 0% used [0x00000000e0f80000,0x00000000e0f80000,0x00000000e1200000)
 ParOldGen       total 42496K, used 1177K [0x00000000a0000000, 0x00000000a2980000, 0x00000000e0000000)
  object space 42496K, 2% used [0x00000000a0000000,0x00000000a0126618,0x00000000a2980000)
 Metaspace       used 9040K, capacity 9252K, committed 9472K, reserved 1056768K
  class space    used 1167K, capacity 1272K, committed 1280K, reserved 1048576K
Event: 5.889 GC heap after
Heap after GC invocations=5 (full 0):
 PSYoungGen      total 18432K, used 2544K [0x00000000e0000000, 0x00000000e2800000, 0x0000000100000000)
  eden space 15872K, 0% used [0x00000000e0000000,0x00000000e0000000,0x00000000e0f80000)
  from space 2560K, 99% used [0x00000000e0f80000,0x00000000e11fc010,0x00000000e1200000)
  to   space 4608K, 0% used [0x00000000e2380000,0x00000000e2380000,0x00000000e2800000)
 ParOldGen       total 42496K, used 2678K [0x00000000a0000000, 0x00000000a2980000, 0x00000000e0000000)
  object space 42496K, 6% used [0x00000000a0000000,0x00000000a029dbf0,0x00000000a2980000)
 Metaspace       used 9040K, capacity 9252K, committed 9472K, reserved 1056768K
  class space    used 1167K, capacity 1272K, committed 1280K, reserved 1048576K
}
Event: 8.329 GC heap before
{Heap before GC invocations=6 (full 0):
 PSYoungGen      total 18432K, used 13635K [0x00000000e0000000, 0x00000000e2800000, 0x0000000100000000)
  eden space 15872K, 69% used [0x00000000e0000000,0x00000000e0ad4c00,0x00000000e0f80000)
  from space 2560K, 99% used [0x00000000e0f80000,0x00000000e11fc010,0x00000000e1200000)
  to   space 4608K, 0% used [0x00000000e2380000,0x00000000e2380000,0x00000000e2800000)
 ParOldGen       total 42496K, used 2678K [0x00000000a0000000, 0x00000000a2980000, 0x00000000e0000000)
  object space 42496K, 6% used [0x00000000a0000000,0x00000000a029dbf0,0x00000000a2980000)
 Metaspace       used 11797K, capacity 12126K, committed 12288K, reserved 1064960K
  class space    used 1553K, capacity 1683K, committed 1792K, reserved 1048576K
Event: 8.340 GC heap after
Heap after GC invocations=6 (full 0):
 PSYoungGen      total 20480K, used 4272K [0x00000000e0000000, 0x00000000e2800000, 0x0000000100000000)
  eden space 15872K, 0% used [0x00000000e0000000,0x00000000e0000000,0x00000000e0f80000)
  from space 4608K, 92% used [0x00000000e2380000,0x00000000e27ac030,0x00000000e2800000)
  to   space 2560K, 0% used [0x00000000e0f80000,0x00000000e0f80000,0x00000000e1200000)
 ParOldGen       total 42496K, used 2686K [0x00000000a0000000, 0x00000000a2980000, 0x00000000e0000000)
  object space 42496K, 6% used [0x00000000a0000000,0x00000000a029fbf0,0x00000000a2980000)
 Metaspace       used 11797K, capacity 12126K, committed 12288K, reserved 1064960K
  class space    used 1553K, capacity 1683K, committed 1792K, reserved 1048576K
}
Event: 8.340 GC heap before
{Heap before GC invocations=7 (full 1):
 PSYoungGen      total 20480K, used 4272K [0x00000000e0000000, 0x00000000e2800000, 0x0000000100000000)
  eden space 15872K, 0% used [0x00000000e0000000,0x00000000e0000000,0x00000000e0f80000)
  from space 4608K, 92% used [0x00000000e2380000,0x00000000e27ac030,0x00000000e2800000)
  to   space 2560K, 0% used [0x00000000e0f80000,0x00000000e0f80000,0x00000000e1200000)
 ParOldGen       total 42496K, used 2686K [0x00000000a0000000, 0x00000000a2980000, 0x00000000e0000000)
  object space 42496K, 6% used [0x00000000a0000000,0x00000000a029fbf0,0x00000000a2980000)
 Metaspace       used 11797K, capacity 12126K, committed 12288K, reserved 1064960K
  class space    used 1553K, capacity 1683K, committed 1792K, reserved 1048576K
Event: 8.411 GC heap after
Heap after GC invocations=7 (full 1):
 PSYoungGen      total 20480K, used 0K [0x00000000e0000000, 0x00000000e2800000, 0x0000000100000000)
  eden space 15872K, 0% used [0x00000000e0000000,0x00000000e0000000,0x00000000e0f80000)
  from space 4608K, 0% used [0x00000000e2380000,0x00000000e2380000,0x00000000e2800000)
  to   space 2560K, 0% used [0x00000000e0f80000,0x00000000e0f80000,0x00000000e1200000)
 ParOldGen       total 29696K, used 4777K [0x00000000a0000000, 0x00000000a1d00000, 0x00000000e0000000)
  object space 29696K, 16% used [0x00000000a0000000,0x00000000a04aa488,0x00000000a1d00000)
 Metaspace       used 11797K, capacity 12126K, committed 12288K, reserved 1062912K
  class space    used 1553K, capacity 1683K, committed 1792K, reserved 1048576K
}
Event: 8.969 GC heap before
{Heap before GC invocations=8 (full 1):
 PSYoungGen      total 20480K, used 15872K [0x00000000e0000000, 0x00000000e2800000, 0x0000000100000000)
  eden space 15872K, 100% used [0x00000000e0000000,0x00000000e0f80000,0x00000000e0f80000)
  from space 4608K, 0% used [0x00000000e2380000,0x00000000e2380000,0x00000000e2800000)
  to   space 2560K, 0% used [0x00000000e0f80000,0x00000000e0f80000,0x00000000e1200000)
 ParOldGen       total 29696K, used 4777K [0x00000000a0000000, 0x00000000a1d00000, 0x00000000e0000000)
  object space 29696K, 16% used [0x00000000a0000000,0x00000000a04aa488,0x00000000a1d00000)
 Metaspace       used 12837K, capacity 13262K, committed 13440K, reserved 1062912K
  class space    used 1753K, capacity 1867K, committed 1920K, reserved 1048576K
Event: 8.975 GC heap after
Heap after GC invocations=8 (full 1):
 PSYoungGen      total 18432K, used 1677K [0x00000000e0000000, 0x00000000e2400000, 0x0000000100000000)
  eden space 15872K, 0% used [0x00000000e0000000,0x00000000e0000000,0x00000000e0f80000)
  from space 2560K, 65% used [0x00000000e0f80000,0x00000000e1123400,0x00000000e1200000)
  to   space 5120K, 0% used [0x00000000e1f00000,0x00000000e1f00000,0x00000000e2400000)
 ParOldGen       total 29696K, used 4777K [0x00000000a0000000, 0x00000000a1d00000, 0x00000000e0000000)
  object space 29696K, 16% used [0x00000000a0000000,0x00000000a04aa488,0x00000000a1d00000)
 Metaspace       used 12837K, capacity 13262K, committed 13440K, reserved 1062912K
  class space    used 1753K, capacity 1867K, committed 1920K, reserved 1048576K
}

Deoptimization events (10 events):
Event: 5.969 Thread 0x000000000230d800 Uncommon trap: reason=bimorphic action=maybe_recompile pc=0x000000000265d958 method=java.util.HashMap.putVal(ILjava/lang/Object;Ljava/lang/Object;ZZ)Ljava/lang/Object; @ 203
Event: 6.926 Thread 0x000000000230d800 Uncommon trap: reason=unstable_if action=reinterpret pc=0x00000000026d7570 method=java.io.WinNTFileSystem.normalize(Ljava/lang/String;)Ljava/lang/String; @ 128
Event: 8.205 Thread 0x000000001790a000 Uncommon trap: reason=unstable_if action=reinterpret pc=0x00000000027f41e8 method=java.util.concurrent.ConcurrentHashMap.putVal(Ljava/lang/Object;Ljava/lang/Object;Z)Ljava/lang/Object; @ 206
Event: 8.517 Thread 0x0000000018f54800 Uncommon trap: reason=bimorphic action=maybe_recompile pc=0x000000000265d918 method=java.util.HashMap.putVal(ILjava/lang/Object;Ljava/lang/Object;ZZ)Ljava/lang/Object; @ 253
Event: 8.517 Thread 0x0000000018f54800 Uncommon trap: reason=bimorphic action=maybe_recompile pc=0x000000000265d918 method=java.util.HashMap.putVal(ILjava/lang/Object;Ljava/lang/Object;ZZ)Ljava/lang/Object; @ 253
Event: 8.517 Thread 0x0000000018f54800 Uncommon trap: reason=bimorphic action=maybe_recompile pc=0x000000000265d918 method=java.util.HashMap.putVal(ILjava/lang/Object;Ljava/lang/Object;ZZ)Ljava/lang/Object; @ 253
Event: 9.174 Thread 0x0000000018f54800 Uncommon trap: reason=class_check action=maybe_recompile pc=0x00000000026ea158 method=java.util.regex.Matcher.match(II)Z @ 86
Event: 9.217 Thread 0x0000000018f54800 Uncommon trap: reason=class_check action=maybe_recompile pc=0x00000000026ea158 method=java.util.regex.Matcher.match(II)Z @ 86
Event: 9.218 Thread 0x0000000018f54800 Uncommon trap: reason=class_check action=maybe_recompile pc=0x00000000026ea158 method=java.util.regex.Matcher.match(II)Z @ 86
Event: 9.219 Thread 0x0000000018f54800 Uncommon trap: reason=class_check action=maybe_recompile pc=0x000000000257a59c method=java.util.regex.Matcher.match(II)Z @ 86

Classes redefined (0 events):
No events

Internal exceptions (10 events):
Event: 8.227 Thread 0x000000001790a000 Exception <a 'java/lang/NoSuchMethodError': <clinit>> (0x00000000e09b4ad8) thrown at [D:\src\AOSP-openjdk-cygwin\jdk8u\hotspot\src\share\vm\prims\jni.cpp, line 1614]
Event: 8.240 Thread 0x000000001790a000 Exception <a 'java/lang/NoSuchMethodError': <clinit>> (0x00000000e09c7c28) thrown at [D:\src\AOSP-openjdk-cygwin\jdk8u\hotspot\src\share\vm\prims\jni.cpp, line 1614]
Event: 8.262 Thread 0x000000001790a000 Exception <a 'java/lang/NoSuchMethodError': <clinit>> (0x00000000e09ef028) thrown at [D:\src\AOSP-openjdk-cygwin\jdk8u\hotspot\src\share\vm\prims\jni.cpp, line 1614]
Event: 8.271 Thread 0x000000001790a000 Exception <a 'java/lang/NoSuchMethodError': <clinit>> (0x00000000e0a06ff8) thrown at [D:\src\AOSP-openjdk-cygwin\jdk8u\hotspot\src\share\vm\prims\jni.cpp, line 1614]
Event: 8.274 Thread 0x000000001790a000 Exception <a 'java/lang/NoSuchMethodError': <clinit>> (0x00000000e0a0fcd8) thrown at [D:\src\AOSP-openjdk-cygwin\jdk8u\hotspot\src\share\vm\prims\jni.cpp, line 1614]
Event: 8.281 Thread 0x000000001790a000 Exception <a 'java/lang/NoSuchMethodError': <clinit>> (0x00000000e0a262a8) thrown at [D:\src\AOSP-openjdk-cygwin\jdk8u\hotspot\src\share\vm\prims\jni.cpp, line 1614]
Event: 8.313 Thread 0x000000001790a000 Exception <a 'java/lang/NoSuchMethodError': <clinit>> (0x00000000e0a84368) thrown at [D:\src\AOSP-openjdk-cygwin\jdk8u\hotspot\src\share\vm\prims\jni.cpp, line 1614]
Event: 8.327 Thread 0x000000001790a000 Exception <a 'java/lang/NoSuchMethodError': <clinit>> (0x00000000e0ab10d8) thrown at [D:\src\AOSP-openjdk-cygwin\jdk8u\hotspot\src\share\vm\prims\jni.cpp, line 1614]
Event: 8.428 Thread 0x000000001790a000 Exception <a 'java/lang/NoSuchMethodError': <clinit>> (0x00000000e00264e8) thrown at [D:\src\AOSP-openjdk-cygwin\jdk8u\hotspot\src\share\vm\prims\jni.cpp, line 1614]
Event: 8.430 Thread 0x000000001790a000 Exception <a 'java/lang/NoSuchMethodError': <clinit>> (0x00000000e0031910) thrown at [D:\src\AOSP-openjdk-cygwin\jdk8u\hotspot\src\share\vm\prims\jni.cpp, line 1614]

Events (10 events):
Event: 9.622 loading class org/gradle/plugin/use/internal/PluginResolverFactory
Event: 9.622 loading class org/gradle/plugin/use/internal/PluginResolverFactory done
Event: 9.624 loading class org/gradle/plugin/management/internal/PluginResolutionStrategyInternal
Event: 9.624 loading class org/gradle/plugin/management/internal/PluginResolutionStrategyInternal done
Event: 9.625 loading class org/gradle/plugin/management/PluginResolutionStrategy
Event: 9.625 loading class org/gradle/plugin/management/PluginResolutionStrategy done
Event: 9.626 loading class org/gradle/api/internal/artifacts/ivyservice/ivyresolve/strategy/VersionSelectorScheme
Event: 9.626 loading class org/gradle/api/internal/artifacts/ivyservice/ivyresolve/strategy/VersionSelectorScheme done
Event: 9.629 loading class org/gradle/api/internal/artifacts/DependencyManagementBuildScopeServices
Event: 9.629 loading class org/gradle/api/internal/artifacts/DependencyManagementBuildScopeServices done


Dynamic libraries:
0x00007ff6c0420000 - 0x00007ff6c0451000 	C:\Program Files\Android\Android Studio\jre\bin\java.exe
0x00007ffdd5180000 - 0x00007ffdd5370000 	C:\Windows\SYSTEM32\ntdll.dll
0x00007ffdd4df0000 - 0x00007ffdd4ea2000 	C:\Windows\System32\KERNEL32.DLL
0x00007ffdd23b0000 - 0x00007ffdd2653000 	C:\Windows\System32\KERNELBASE.dll
0x00007ffdd3f40000 - 0x00007ffdd3fe3000 	C:\Windows\System32\ADVAPI32.dll
0x00007ffdd4af0000 - 0x00007ffdd4b8e000 	C:\Windows\System32\msvcrt.dll
0x00007ffdd4d50000 - 0x00007ffdd4de7000 	C:\Windows\System32\sechost.dll
0x00007ffdd44a0000 - 0x00007ffdd45c0000 	C:\Windows\System32\RPCRT4.dll
0x00007ffdd4730000 - 0x00007ffdd48c4000 	C:\Windows\System32\USER32.dll
0x00007ffdd3100000 - 0x00007ffdd3121000 	C:\Windows\System32\win32u.dll
0x00007ffdd5110000 - 0x00007ffdd5136000 	C:\Windows\System32\GDI32.dll
0x00007ffdd26e0000 - 0x00007ffdd2874000 	C:\Windows\System32\gdi32full.dll
0x00007ffdd2310000 - 0x00007ffdd23ae000 	C:\Windows\System32\msvcp_win.dll
0x00007ffdd3000000 - 0x00007ffdd30fa000 	C:\Windows\System32\ucrtbase.dll
0x00007ffdc2870000 - 0x00007ffdc2af5000 	C:\Windows\WinSxS\amd64_microsoft.windows.common-controls_6595b64144ccf1df_6.0.18362.657_none_e6c5b579130e3898\COMCTL32.dll
0x00007ffdd4160000 - 0x00007ffdd4496000 	C:\Windows\System32\combase.dll
0x00007ffdd2660000 - 0x00007ffdd26e0000 	C:\Windows\System32\bcryptPrimitives.dll
0x00007ffdd49f0000 - 0x00007ffdd4a1e000 	C:\Windows\System32\IMM32.DLL
0x0000000060d00000 - 0x0000000060dd2000 	C:\Program Files\Android\Android Studio\jre\jre\bin\msvcr100.dll
0x00000000601a0000 - 0x00000000609e6000 	C:\Program Files\Android\Android Studio\jre\jre\bin\server\jvm.dll
0x00007ffdd4b90000 - 0x00007ffdd4b98000 	C:\Windows\System32\PSAPI.DLL
0x00007ffdbbed0000 - 0x00007ffdbbed9000 	C:\Windows\SYSTEM32\WSOCK32.dll
0x00007ffdd46c0000 - 0x00007ffdd472f000 	C:\Windows\System32\WS2_32.dll
0x00007ffdced10000 - 0x00007ffdced34000 	C:\Windows\SYSTEM32\WINMM.dll
0x00007ffdc6020000 - 0x00007ffdc602a000 	C:\Windows\SYSTEM32\VERSION.dll
0x00007ffdcece0000 - 0x00007ffdced0d000 	C:\Windows\SYSTEM32\WINMMBASE.dll
0x00007ffdd22c0000 - 0x00007ffdd230a000 	C:\Windows\System32\cfgmgr32.dll
0x00007ffdb18a0000 - 0x00007ffdb18af000 	C:\Program Files\Android\Android Studio\jre\jre\bin\verify.dll
0x00007ffdac1e0000 - 0x00007ffdac209000 	C:\Program Files\Android\Android Studio\jre\jre\bin\java.dll
0x00007ffdac1c0000 - 0x00007ffdac1d6000 	C:\Program Files\Android\Android Studio\jre\jre\bin\zip.dll
0x00007ffdd3230000 - 0x00007ffdd3915000 	C:\Windows\System32\SHELL32.dll
0x00007ffdd5060000 - 0x00007ffdd5109000 	C:\Windows\System32\shcore.dll
0x00007ffdd2880000 - 0x00007ffdd2fff000 	C:\Windows\System32\windows.storage.dll
0x00007ffdd20f0000 - 0x00007ffdd210f000 	C:\Windows\System32\profapi.dll
0x00007ffdd20a0000 - 0x00007ffdd20ea000 	C:\Windows\System32\powrprof.dll
0x00007ffdd2050000 - 0x00007ffdd2060000 	C:\Windows\System32\UMPDC.dll
0x00007ffdd45c0000 - 0x00007ffdd4612000 	C:\Windows\System32\shlwapi.dll
0x00007ffdd2060000 - 0x00007ffdd2071000 	C:\Windows\System32\kernel.appcore.dll
0x00007ffdd31e0000 - 0x00007ffdd31f7000 	C:\Windows\System32\cryptsp.dll
0x00007ffdac1a0000 - 0x00007ffdac1ba000 	C:\Program Files\Android\Android Studio\jre\jre\bin\net.dll
0x00007ffdc3930000 - 0x00007ffdc3b06000 	C:\Windows\SYSTEM32\urlmon.dll
0x00007ffdc3d20000 - 0x00007ffdc3fc6000 	C:\Windows\SYSTEM32\iertutil.dll
0x00007ffdd1a30000 - 0x00007ffdd1a3c000 	C:\Windows\SYSTEM32\CRYPTBASE.DLL
0x00007ffdd1860000 - 0x00007ffdd18c7000 	C:\Windows\system32\mswsock.dll
0x00007ffdac180000 - 0x00007ffdac193000 	C:\Program Files\Android\Android Studio\jre\jre\bin\nio.dll
0x00007ffdb29e0000 - 0x00007ffdb2a06000 	C:\Users\Aleth\.gradle\native\30\windows-amd64\native-platform.dll
0x00007ffdac850000 - 0x00007ffdac85d000 	C:\Program Files\Android\Android Studio\jre\jre\bin\management.dll
0x00007ffdd13d0000 - 0x00007ffdd1403000 	C:\Windows\system32\rsaenh.dll
0x00007ffdd3200000 - 0x00007ffdd3226000 	C:\Windows\System32\bcrypt.dll
0x00007ffdd1f70000 - 0x00007ffdd1f95000 	C:\Windows\SYSTEM32\USERENV.dll
0x00007ffdd1570000 - 0x00007ffdd15aa000 	C:\Windows\SYSTEM32\IPHLPAPI.DLL
0x00007ffdd3f30000 - 0x00007ffdd3f38000 	C:\Windows\System32\NSI.dll
0x00007ffdc6030000 - 0x00007ffdc6046000 	C:\Windows\SYSTEM32\dhcpcsvc6.DLL
0x00007ffdc6120000 - 0x00007ffdc613c000 	C:\Windows\SYSTEM32\dhcpcsvc.DLL
0x00007ffdd15b0000 - 0x00007ffdd167a000 	C:\Windows\SYSTEM32\DNSAPI.dll

VM Arguments:
jvm_args: -Xmx1536m -Dfile.encoding=windows-1252 -Duser.country=PH -Duser.language=en -Duser.variant 
java_command: org.gradle.launcher.daemon.bootstrap.GradleDaemon 5.6.4
java_class_path (initial): C:\Users\Aleth\.gradle\wrapper\dists\gradle-5.6.4-all\ankdp27end7byghfw1q2sw75f\gradle-5.6.4\lib\gradle-launcher-5.6.4.jar
Launcher Type: SUN_STANDARD

Environment Variables:
PATH=C:\Windows\system32;C:\Windows;C:\Windows\System32\Wbem;C:\Windows\System32\WindowsPowerShell\v1.0\;C:\Windows\System32\OpenSSH\;C:\Users\Aleth\AppData\Local\Microsoft\WindowsApps;C:\Users\Aleth\AppData\Local\GitHubDesktop\bin
USERNAME=Aleth
OS=Windows_NT
PROCESSOR_IDENTIFIER=Intel64 Family 6 Model 92 Stepping 9, GenuineIntel



---------------  S Y S T E M  ---------------

OS: Windows 10.0 , 64 bit Build 18362 (10.0.18362.329)

CPU:total 4 (initial active 4) (4 cores per cpu, 1 threads per core) family 6 model 92 stepping 9, cmov, cx8, fxsr, mmx, sse, sse2, sse3, ssse3, sse4.1, sse4.2, popcnt, aes, clmul, erms, 3dnowpref, tsc, tscinvbit

Memory: 4k page, physical 4014400k(1310588k free), swap 16073024k(5148k free)

vm_info: OpenJDK 64-Bit Server VM (25.212-b04) for windows-amd64 JRE (1.8.0_212-release-1586-b04), built by "builder" with MS VC++ 10.0 (VS2010)

time: Mon Mar 23 15:52:24 2020
timezone: Malay Peninsula Standard Time
elapsed time: 9 seconds (0d 0h 0m 9s)

