#
# There is insufficient memory for the Java Runtime Environment to continue.
# Native memory allocation (malloc) failed to allocate 3095584 bytes for Chunk::new
# Possible reasons:
#   The system is out of physical RAM or swap space
#   The process is running with CompressedOops enabled, and the Java Heap may be blocking the growth of the native heap
# Possible solutions:
#   Reduce memory load on the system
#   Increase physical memory or swap space
#   Check if swap backing store is full
#   Decrease Java heap size (-Xmx/-Xms)
#   Decrease number of Java threads
#   Decrease Java thread stack sizes (-Xss)
#   Set larger code cache with -XX:ReservedCodeCacheSize=
#   JVM is running with Unscaled Compressed Oops mode in which the Java heap is
#     placed in the first 4GB address space. The Java Heap base address is the
#     maximum limit for the native heap growth. Please use -XX:HeapBaseMinAddress
#     to set the Java Heap base and to place the Java Heap above 4GB virtual address.
# This output file may be truncated or incomplete.
#
#  Out of Memory Error (allocation.cpp:389), pid=11260, tid=0x00000000000028f8
#
# JRE version: OpenJDK Runtime Environment (8.0_212-b04) (build 1.8.0_212-release-1586-b04)
# Java VM: OpenJDK 64-Bit Server VM (25.212-b04 mixed mode windows-amd64 compressed oops)
# Failed to write core dump. Minidumps are not enabled by default on client versions of Windows
#

---------------  T H R E A D  ---------------

Current thread (0x0000000015fb1800):  JavaThread "C2 CompilerThread1" daemon [_thread_in_native, id=10488, stack(0x0000000017700000,0x0000000017800000)]

Stack: [0x0000000017700000,0x0000000017800000]
[error occurred during error reporting (printing stack bounds), id 0xc0000005]

Native frames: (J=compiled Java code, j=interpreted, Vv=VM code, C=native code)


Current CompileTask:
C2:4429800 27021 % !   4       com.android.tools.r8.dex.m::b @ 460 (2743 bytes)


---------------  P R O C E S S  ---------------

Java Threads: ( => current thread )
  0x000000001c686000 JavaThread "Cache worker for Java compile cache (C:\Users\Aleth\Documents\Lend-and-Borrow-Application\.gradle\5.6.4\javaCompile)" [_thread_blocked, id=1632, stack(0x0000000027f40000,0x0000000028040000)]
  0x000000001c693000 JavaThread "WorkerExecutor Queue Thread 5" [_thread_blocked, id=8264, stack(0x0000000028e40000,0x0000000028f40000)]
  0x000000001c692000 JavaThread "stdout" [_thread_in_native, id=10276, stack(0x000000002b650000,0x000000002b750000)]
  0x000000001c690800 JavaThread "stderr" [_thread_in_native, id=1436, stack(0x00000000292b0000,0x00000000293b0000)]
  0x000000001c68f000 JavaThread "stdout" [_thread_in_native, id=5656, stack(0x00000000291b0000,0x00000000292b0000)]
  0x000000001c691800 JavaThread "stderr" [_thread_in_native, id=1564, stack(0x0000000028640000,0x0000000028740000)]
  0x000000001c68d000 JavaThread "stdout" [_thread_in_native, id=7724, stack(0x0000000028d40000,0x0000000028e40000)]
  0x000000001c690000 JavaThread "stderr" [_thread_in_native, id=11196, stack(0x0000000028c40000,0x0000000028d40000)]
  0x000000001c68d800 JavaThread "stdout" [_thread_in_native, id=7068, stack(0x0000000028b40000,0x0000000028c40000)]
  0x000000001c689000 JavaThread "stderr" [_thread_in_native, id=1128, stack(0x0000000028790000,0x0000000028890000)]
  0x000000001c68e800 JavaThread "pool-28-thread-1" [_thread_blocked, id=11136, stack(0x0000000028540000,0x0000000028640000)]
  0x000000001c68b800 JavaThread "WorkerExecutor Queue Thread 4" [_thread_blocked, id=2452, stack(0x0000000028440000,0x0000000028540000)]
  0x000000001c684000 JavaThread "WorkerExecutor Queue Thread 3" [_thread_blocked, id=10352, stack(0x0000000028340000,0x0000000028440000)]
  0x000000001c687800 JavaThread "WorkerExecutor Queue Thread 2" [_thread_in_vm, id=10376, stack(0x0000000028040000,0x0000000028140000)]
  0x000000001c68a000 JavaThread "Cache worker for execution history cache (C:\Users\Aleth\Documents\Lend-and-Borrow-Application\.gradle\5.6.4\executionHistory)" [_thread_blocked, id=9256, stack(0x0000000027e40000,0x0000000027f40000)]
  0x000000001c687000 JavaThread "Execution worker for ':' Thread 3" [_thread_blocked, id=11988, stack(0x0000000027d40000,0x0000000027e40000)]
  0x000000001f4ff000 JavaThread "Execution worker for ':' Thread 2" [_thread_blocked, id=3884, stack(0x0000000026be0000,0x0000000026ce0000)]
  0x000000001f4fd800 JavaThread "Execution worker for ':'" [_thread_blocked, id=11844, stack(0x00000000268e0000,0x00000000269e0000)]
  0x000000001f4fd000 JavaThread "Cache worker for file content cache (C:\Users\Aleth\Documents\Lend-and-Borrow-Application\.gradle\5.6.4\fileContent)" [_thread_blocked, id=1104, stack(0x00000000267e0000,0x00000000268e0000)]
  0x000000001f4fc000 JavaThread "Cache worker for Build Output Cleanup Cache (C:\Users\Aleth\Documents\Lend-and-Borrow-Application\.gradle\buildOutputCleanup)" [_thread_blocked, id=7984, stack(0x00000000266e0000,0x00000000267e0000)]
  0x000000001f4f3000 JavaThread "Build operations Thread 4" [_thread_blocked, id=10536, stack(0x00000000262e0000,0x00000000263e0000)]
  0x000000001f4f9000 JavaThread "Build operations Thread 3" [_thread_blocked, id=12212, stack(0x0000000024330000,0x0000000024430000)]
  0x000000001f4fa000 JavaThread "Build operations Thread 2" [_thread_blocked, id=1344, stack(0x0000000023260000,0x0000000023360000)]
  0x000000001f4f1800 JavaThread "Build operations" [_thread_blocked, id=10992, stack(0x00000000209f0000,0x0000000020af0000)]
  0x000000001f4f8800 JavaThread "Cache worker for cache directory md-rule (C:\Users\Aleth\.gradle\caches\5.6.4\md-rule)" [_thread_blocked, id=6932, stack(0x000000001ec20000,0x000000001ed20000)]
  0x000000001f4f0800 JavaThread "Cache worker for cache directory md-supplier (C:\Users\Aleth\.gradle\caches\5.6.4\md-supplier)" [_thread_blocked, id=3676, stack(0x000000001e460000,0x000000001e560000)]
  0x000000001f4f4800 JavaThread "Cache worker for file hash cache (C:\Users\Aleth\Documents\Lend-and-Borrow-Application\.gradle\5.6.4\fileHashes)" [_thread_in_vm, id=3240, stack(0x000000001b820000,0x000000001b920000)]
  0x000000001f4f7800 JavaThread "Thread-259" [_thread_blocked, id=8008, stack(0x000000001b520000,0x000000001b620000)]
  0x000000001f4f6800 JavaThread "Stdin handler" [_thread_blocked, id=4612, stack(0x000000001b420000,0x000000001b520000)]
  0x000000001f4f2000 JavaThread "Asynchronous log dispatcher for DefaultDaemonConnection: socket connection from /127.0.0.1:49735 to /127.0.0.1:50633" [_thread_blocked, id=8468, stack(0x000000001b120000,0x000000001b220000)]
  0x000000001f4f6000 JavaThread "Cancel handler" [_thread_blocked, id=2104, stack(0x0000000002300000,0x0000000002400000)]
  0x000000001f4f3800 JavaThread "Handler for socket connection from /127.0.0.1:49735 to /127.0.0.1:50633" [_thread_in_native, id=2088, stack(0x0000000000970000,0x0000000000a70000)]
  0x000000001caba000 JavaThread "Daemon worker Thread 6" [_thread_blocked, id=8096, stack(0x000000001b020000,0x000000001b120000)]
  0x000000001caac800 JavaThread "Daemon Thread 6" [_thread_blocked, id=8888, stack(0x0000000000870000,0x0000000000970000)]
  0x000000001caaf800 JavaThread "Cache worker for Java compile cache (C:\Users\Aleth\.gradle\caches\5.6.4\javaCompile)" [_thread_blocked, id=10476, stack(0x000000002a580000,0x000000002a680000)]
  0x000000001c68a800 JavaThread "MarlinRenderer Disposer" daemon [_thread_blocked, id=7848, stack(0x0000000028a40000,0x0000000028b40000)]
  0x000000001c684800 JavaThread "Java2D Disposer" daemon [_thread_blocked, id=2436, stack(0x0000000028940000,0x0000000028a40000)]
  0x0000000019a98000 JavaThread "Cache worker for file content cache (C:\Users\Aleth\.gradle\caches\5.6.4\fileContent)" [_thread_blocked, id=3572, stack(0x0000000022b60000,0x0000000022c60000)]
  0x000000001cab4800 JavaThread "Memory manager" [_thread_blocked, id=9712, stack(0x0000000023560000,0x0000000023660000)]
  0x000000001cab2800 JavaThread "Cache worker for execution history cache (C:\Users\Aleth\.gradle\caches\5.6.4\executionHistory)" [_thread_blocked, id=2028, stack(0x000000001ed20000,0x000000001ee20000)]
  0x0000000019a98800 JavaThread "Cache worker for journal cache (C:\Users\Aleth\.gradle\caches\journal-1)" [_thread_blocked, id=10744, stack(0x000000001bd20000,0x000000001be20000)]
  0x0000000019a96800 JavaThread "File lock request listener" [_thread_in_native, id=524, stack(0x000000001bc20000,0x000000001bd20000)]
  0x0000000019a99800 JavaThread "Cache worker for file hash cache (C:\Users\Aleth\.gradle\caches\5.6.4\fileHashes)" [_thread_blocked, id=10408, stack(0x000000001b920000,0x000000001ba20000)]
  0x00000000198d4000 JavaThread "Daemon periodic checks" [_thread_blocked, id=5564, stack(0x000000001af20000,0x000000001b020000)]
  0x00000000198cd800 JavaThread "Incoming local TCP Connector on port 49735" [_thread_in_native, id=1116, stack(0x000000001ace0000,0x000000001ade0000)]
  0x00000000198a6800 JavaThread "Daemon health stats" [_thread_blocked, id=9856, stack(0x000000001a6a0000,0x000000001a7a0000)]
  0x0000000017928800 JavaThread "Service Thread" daemon [_thread_blocked, id=10528, stack(0x0000000017d00000,0x0000000017e00000)]
  0x0000000015fb4000 JavaThread "C1 CompilerThread2" daemon [_thread_blocked, id=10520, stack(0x0000000017800000,0x0000000017900000)]
=>0x0000000015fb1800 JavaThread "C2 CompilerThread1" daemon [_thread_in_native, id=10488, stack(0x0000000017700000,0x0000000017800000)]
  0x0000000015fad000 JavaThread "C2 CompilerThread0" daemon [_thread_in_native, id=10516, stack(0x0000000017600000,0x0000000017700000)]
  0x0000000015fb7800 JavaThread "Attach Listener" daemon [_thread_blocked, id=10572, stack(0x0000000017500000,0x0000000017600000)]
  0x0000000015fb6800 JavaThread "Signal Dispatcher" daemon [_thread_blocked, id=10524, stack(0x0000000017400000,0x0000000017500000)]
  0x000000000263b800 JavaThread "Finalizer" daemon [_thread_blocked, id=10504, stack(0x0000000017200000,0x0000000017300000)]
  0x0000000015f99000 JavaThread "Reference Handler" daemon [_thread_blocked, id=10564, stack(0x0000000017100000,0x0000000017200000)]
  0x0000000000aad800 JavaThread "main" [_thread_blocked, id=10748, stack(0x0000000002440000,0x0000000002540000)]

Other Threads:
  0x0000000015f76800 VMThread [stack: 0x0000000017000000,0x0000000017100000] [id=10428]
  0x000000001600d000 WatcherThread [stack: 0x0000000017e00000,0x0000000017f00000] [id=3332]

VM state:not at safepoint (normal execution)

VM Mutex/Monitor currently owned by a thread: None

heap address: 0x00000000a0000000, size: 1536 MB, Compressed Oops mode: 32-bit
Narrow klass base: 0x0000000000000000, Narrow klass shift: 3
Compressed class space size: 1073741824 Address: 0x0000000100000000

Heap:
 PSYoungGen      total 316928K, used 211511K [0x00000000e0000000, 0x00000000fcc00000, 0x0000000100000000)
  eden space 239104K, 88% used [0x00000000e0000000,0x00000000ece8df18,0x00000000ee980000)
  from space 77824K, 0% used [0x00000000ee980000,0x00000000ee980000,0x00000000f3580000)
  to   space 103936K, 0% used [0x00000000f6680000,0x00000000f6680000,0x00000000fcc00000)
 ParOldGen       total 128000K, used 127735K [0x00000000a0000000, 0x00000000a7d00000, 0x00000000e0000000)
  object space 128000K, 99% used [0x00000000a0000000,0x00000000a7cbdcd0,0x00000000a7d00000)
 Metaspace       used 126605K, capacity 133292K, committed 136064K, reserved 1167360K
  class space    used 16060K, capacity 17282K, committed 17792K, reserved 1048576K

Card table byte_map: [0x0000000011a00000,0x0000000011d10000] byte_map_base: 0x0000000011500000

Marking Bits: (ParMarkBitMap*) 0x0000000060969f30
 Begin Bits: [0x0000000012310000, 0x0000000013b10000)
 End Bits:   [0x0000000013b10000, 0x0000000015310000)

Polling page: 0x0000000000a90000

CodeCache: size=245760Kb used=75021Kb max_used=75031Kb free=170738Kb
 bounds [0x0000000002640000, 0x00000000070a0000, 0x0000000011640000]
 total_blobs=22295 nmethods=21258 adapters=949
 compilation: enabled

Compilation events (10 events):
Event: 4429.542 Thread 0x0000000015fad000 26796       4       com.android.tools.r8.dex.o::a (32 bytes)
Event: 4429.575 Thread 0x0000000015fad000 nmethod 26796 0x0000000004d69dd0 code [0x0000000004d69f80, 0x0000000004d6a6c0]
Event: 4429.605 Thread 0x0000000015fad000 27108       4       java.lang.Throwable::<init> (34 bytes)
Event: 4429.608 Thread 0x0000000015fad000 nmethod 27108 0x0000000006bc02d0 code [0x0000000006bc0420, 0x0000000006bc04d8]
Event: 4429.618 Thread 0x0000000015fad000 27109       4       java.io.ObjectStreamClass$FieldReflectorKey::equals (78 bytes)
Event: 4429.623 Thread 0x0000000015fad000 nmethod 27109 0x00000000067b0dd0 code [0x00000000067b0f20, 0x00000000067b1178]
Event: 4429.658 Thread 0x0000000015fb4000 27110       3       com.android.builder.files.DirectoryEntry::getCrc32 (5 bytes)
Event: 4429.658 Thread 0x0000000015fb4000 nmethod 27110 0x0000000004d69a90 code [0x0000000004d69be0, 0x0000000004d69d30]
Event: 4429.658 Thread 0x0000000015fb4000 27111       3       com.android.builder.files.DirectoryEntry::getSize (5 bytes)
Event: 4429.659 Thread 0x0000000015fb4000 nmethod 27111 0x0000000004d67d90 code [0x0000000004d67ee0, 0x0000000004d68030]

GC Heap History (10 events):
Event: 4388.219 GC heap before
{Heap before GC invocations=35 (full 4):
 PSYoungGen      total 286720K, used 279827K [0x00000000e0000000, 0x00000000f5a80000, 0x0000000100000000)
  eden space 232960K, 100% used [0x00000000e0000000,0x00000000ee380000,0x00000000ee380000)
  from space 53760K, 87% used [0x00000000f1d80000,0x00000000f4b44ff8,0x00000000f5200000)
  to   space 59392K, 0% used [0x00000000ee380000,0x00000000ee380000,0x00000000f1d80000)
 ParOldGen       total 128000K, used 79267K [0x00000000a0000000, 0x00000000a7d00000, 0x00000000e0000000)
  object space 128000K, 61% used [0x00000000a0000000,0x00000000a4d68fc8,0x00000000a7d00000)
 Metaspace       used 116456K, capacity 122922K, committed 123008K, reserved 1157120K
  class space    used 14926K, capacity 16178K, committed 16256K, reserved 1048576K
Event: 4388.356 GC heap after
Heap after GC invocations=35 (full 4):
 PSYoungGen      total 292352K, used 58573K [0x00000000e0000000, 0x00000000f7880000, 0x0000000100000000)
  eden space 232960K, 0% used [0x00000000e0000000,0x00000000e0000000,0x00000000ee380000)
  from space 59392K, 98% used [0x00000000ee380000,0x00000000f1cb3488,0x00000000f1d80000)
  to   space 68608K, 0% used [0x00000000f3580000,0x00000000f3580000,0x00000000f7880000)
 ParOldGen       total 128000K, used 79275K [0x00000000a0000000, 0x00000000a7d00000, 0x00000000e0000000)
  object space 128000K, 61% used [0x00000000a0000000,0x00000000a4d6afc8,0x00000000a7d00000)
 Metaspace       used 116456K, capacity 122922K, committed 123008K, reserved 1157120K
  class space    used 14926K, capacity 16178K, committed 16256K, reserved 1048576K
}
Event: 4406.652 GC heap before
{Heap before GC invocations=36 (full 4):
 PSYoungGen      total 292352K, used 291533K [0x00000000e0000000, 0x00000000f7880000, 0x0000000100000000)
  eden space 232960K, 100% used [0x00000000e0000000,0x00000000ee380000,0x00000000ee380000)
  from space 59392K, 98% used [0x00000000ee380000,0x00000000f1cb3488,0x00000000f1d80000)
  to   space 68608K, 0% used [0x00000000f3580000,0x00000000f3580000,0x00000000f7880000)
 ParOldGen       total 128000K, used 79275K [0x00000000a0000000, 0x00000000a7d00000, 0x00000000e0000000)
  object space 128000K, 61% used [0x00000000a0000000,0x00000000a4d6afc8,0x00000000a7d00000)
 Metaspace       used 126574K, capacity 134106K, committed 134400K, reserved 1165312K
  class space    used 16199K, capacity 17600K, committed 17664K, reserved 1048576K
Event: 4406.817 GC heap after
Heap after GC invocations=36 (full 4):
 PSYoungGen      total 307712K, used 64176K [0x00000000e0000000, 0x00000000f8b00000, 0x0000000100000000)
  eden space 239104K, 0% used [0x00000000e0000000,0x00000000e0000000,0x00000000ee980000)
  from space 68608K, 93% used [0x00000000f3580000,0x00000000f742c260,0x00000000f7880000)
  to   space 77824K, 0% used [0x00000000ee980000,0x00000000ee980000,0x00000000f3580000)
 ParOldGen       total 128000K, used 79283K [0x00000000a0000000, 0x00000000a7d00000, 0x00000000e0000000)
  object space 128000K, 61% used [0x00000000a0000000,0x00000000a4d6cfc8,0x00000000a7d00000)
 Metaspace       used 126574K, capacity 134106K, committed 134400K, reserved 1165312K
  class space    used 16199K, capacity 17600K, committed 17664K, reserved 1048576K
}
Event: 4413.279 GC heap before
{Heap before GC invocations=37 (full 4):
 PSYoungGen      total 307712K, used 303280K [0x00000000e0000000, 0x00000000f8b00000, 0x0000000100000000)
  eden space 239104K, 100% used [0x00000000e0000000,0x00000000ee980000,0x00000000ee980000)
  from space 68608K, 93% used [0x00000000f3580000,0x00000000f742c260,0x00000000f7880000)
  to   space 77824K, 0% used [0x00000000ee980000,0x00000000ee980000,0x00000000f3580000)
 ParOldGen       total 128000K, used 79283K [0x00000000a0000000, 0x00000000a7d00000, 0x00000000e0000000)
  object space 128000K, 61% used [0x00000000a0000000,0x00000000a4d6cfc8,0x00000000a7d00000)
 Metaspace       used 128205K, capacity 135860K, committed 136064K, reserved 1167360K
  class space    used 16376K, capacity 17759K, committed 17792K, reserved 1048576K
Event: 4413.596 GC heap after
Heap after GC invocations=37 (full 4):
 PSYoungGen      total 316928K, used 77822K [0x00000000e0000000, 0x00000000fcc00000, 0x0000000100000000)
  eden space 239104K, 0% used [0x00000000e0000000,0x00000000e0000000,0x00000000ee980000)
  from space 77824K, 99% used [0x00000000ee980000,0x00000000f357fa40,0x00000000f3580000)
  to   space 103936K, 0% used [0x00000000f6680000,0x00000000f6680000,0x00000000fcc00000)
 ParOldGen       total 128000K, used 116804K [0x00000000a0000000, 0x00000000a7d00000, 0x00000000e0000000)
  object space 128000K, 91% used [0x00000000a0000000,0x00000000a72113f0,0x00000000a7d00000)
 Metaspace       used 128205K, capacity 135860K, committed 136064K, reserved 1167360K
  class space    used 16376K, capacity 17759K, committed 17792K, reserved 1048576K
}
Event: 4413.597 GC heap before
{Heap before GC invocations=38 (full 5):
 PSYoungGen      total 316928K, used 77822K [0x00000000e0000000, 0x00000000fcc00000, 0x0000000100000000)
  eden space 239104K, 0% used [0x00000000e0000000,0x00000000e0000000,0x00000000ee980000)
  from space 77824K, 99% used [0x00000000ee980000,0x00000000f357fa40,0x00000000f3580000)
  to   space 103936K, 0% used [0x00000000f6680000,0x00000000f6680000,0x00000000fcc00000)
 ParOldGen       total 128000K, used 116804K [0x00000000a0000000, 0x00000000a7d00000, 0x00000000e0000000)
  object space 128000K, 91% used [0x00000000a0000000,0x00000000a72113f0,0x00000000a7d00000)
 Metaspace       used 128205K, capacity 135860K, committed 136064K, reserved 1167360K
  class space    used 16376K, capacity 17759K, committed 17792K, reserved 1048576K
Event: 4416.375 GC heap after
Heap after GC invocations=38 (full 5):
 PSYoungGen      total 316928K, used 10226K [0x00000000e0000000, 0x00000000fcc00000, 0x0000000100000000)
  eden space 239104K, 0% used [0x00000000e0000000,0x00000000e0000000,0x00000000ee980000)
  from space 77824K, 13% used [0x00000000ee980000,0x00000000ef37caf8,0x00000000f3580000)
  to   space 103936K, 0% used [0x00000000f6680000,0x00000000f6680000,0x00000000fcc00000)
 ParOldGen       total 128000K, used 127836K [0x00000000a0000000, 0x00000000a7d00000, 0x00000000e0000000)
  object space 128000K, 99% used [0x00000000a0000000,0x00000000a7cd70c8,0x00000000a7d00000)
 Metaspace       used 126509K, capacity 133260K, committed 136064K, reserved 1167360K
  class space    used 16078K, capacity 17305K, committed 17792K, reserved 1048576K
}
Event: 4422.998 GC heap before
{Heap before GC invocations=39 (full 6):
 PSYoungGen      total 316928K, used 249330K [0x00000000e0000000, 0x00000000fcc00000, 0x0000000100000000)
  eden space 239104K, 100% used [0x00000000e0000000,0x00000000ee980000,0x00000000ee980000)
  from space 77824K, 13% used [0x00000000ee980000,0x00000000ef37caf8,0x00000000f3580000)
  to   space 103936K, 0% used [0x00000000f6680000,0x00000000f6680000,0x00000000fcc00000)
 ParOldGen       total 128000K, used 127836K [0x00000000a0000000, 0x00000000a7d00000, 0x00000000e0000000)
  object space 128000K, 99% used [0x00000000a0000000,0x00000000a7cd70c8,0x00000000a7d00000)
 Metaspace       used 126590K, capacity 133362K, committed 136064K, reserved 1167360K
  class space    used 16085K, capacity 17338K, committed 17792K, reserved 1048576K
Event: 4426.425 GC heap after
Heap after GC invocations=39 (full 6):
 PSYoungGen      total 316928K, used 50106K [0x00000000e0000000, 0x00000000fcc00000, 0x0000000100000000)
  eden space 239104K, 20% used [0x00000000e0000000,0x00000000e30ee878,0x00000000ee980000)
  from space 77824K, 0% used [0x00000000ee980000,0x00000000ee980000,0x00000000f3580000)
  to   space 103936K, 0% used [0x00000000f6680000,0x00000000f6680000,0x00000000fcc00000)
 ParOldGen       total 128000K, used 127735K [0x00000000a0000000, 0x00000000a7d00000, 0x00000000e0000000)
  object space 128000K, 99% used [0x00000000a0000000,0x00000000a7cbdcd0,0x00000000a7d00000)
 Metaspace       used 126380K, capacity 133032K, committed 136064K, reserved 1167360K
  class space    used 16040K, capacity 17268K, committed 17792K, reserved 1048576K
}

Deoptimization events (10 events):
Event: 4426.451 Thread 0x00000000298c4000 Uncommon trap: reason=unstable_if action=reinterpret pc=0x0000000005031864 method=java.util.TimSort.mergeLo(IIII)V @ 513
Event: 4426.452 Thread 0x00000000298c4000 Uncommon trap: reason=unstable_if action=reinterpret pc=0x000000000292fd80 method=java.util.TimSort.mergeHi(IIII)V @ 568
Event: 4426.454 Thread 0x00000000298c1000 Uncommon trap: reason=unstable_if action=reinterpret pc=0x00000000061037f0 method=com.android.tools.r8.graph.u.equals(Ljava/lang/Object;)Z @ 27
Event: 4426.472 Thread 0x00000000298c4000 Uncommon trap: reason=unstable_if action=reinterpret pc=0x000000000659812c method=java.util.TimSort.mergeCollapse()V @ 61
Event: 4429.396 Thread 0x000000001c687000 Uncommon trap: reason=class_check action=maybe_recompile pc=0x0000000005e51834 method=org.gradle.internal.fingerprint.impl.DefaultCurrentFileCollectionFingerprint.from(Ljava/lang/Iterable;Lorg/gradle/internal/fingerprint/FingerprintingStrategy;)Lorg/gradl
Event: 4429.420 Thread 0x000000001c687000 Uncommon trap: reason=class_check action=maybe_recompile pc=0x0000000005e51834 method=org.gradle.internal.fingerprint.impl.DefaultCurrentFileCollectionFingerprint.from(Ljava/lang/Iterable;Lorg/gradle/internal/fingerprint/FingerprintingStrategy;)Lorg/gradl
Event: 4429.420 Thread 0x000000001c687000 Uncommon trap: reason=class_check action=maybe_recompile pc=0x000000000596ae78 method=org.gradle.internal.execution.history.changes.SortedMapDiffUtil.diff(Ljava/util/SortedMap;Ljava/util/SortedMap;Lorg/gradle/internal/execution/history/changes/PropertyDif
Event: 4429.421 Thread 0x000000001c687000 Uncommon trap: reason=class_check action=maybe_recompile pc=0x0000000003d1119c method=com.google.common.collect.ImmutableSortedMap.fromEntries(Ljava/util/Comparator;Z[Ljava/util/Map$Entry;I)Lcom/google/common/collect/ImmutableSortedMap; @ 83
Event: 4429.421 Thread 0x000000001c687000 Uncommon trap: reason=class_check action=maybe_recompile pc=0x0000000003d1119c method=com.google.common.collect.ImmutableSortedMap.fromEntries(Ljava/util/Comparator;Z[Ljava/util/Map$Entry;I)Lcom/google/common/collect/ImmutableSortedMap; @ 83
Event: 4429.475 Thread 0x000000001c687000 Uncommon trap: reason=bimorphic action=maybe_recompile pc=0x0000000004fc7058 method=com.google.common.collect.ImmutableCollection.toArray([Ljava/lang/Object;)[Ljava/lang/Object; @ 17

Classes redefined (0 events):
No events

Internal exceptions (10 events):
Event: 4410.179 Thread 0x00000000298bd800 Exception <a 'sun/nio/fs/WindowsException'> (0x00000000e5157fd0) thrown at [D:\src\AOSP-openjdk-cygwin\jdk8u\hotspot\src\share\vm\prims\jni.cpp, line 710]
Event: 4410.478 Thread 0x000000001f4ff000 Implicit null exception at 0x0000000006c8d5cc to 0x0000000006c8ddf9
Event: 4410.748 Thread 0x000000001f4ff000 Exception <a 'sun/nio/fs/WindowsException'> (0x00000000e5fbc798) thrown at [D:\src\AOSP-openjdk-cygwin\jdk8u\hotspot\src\share\vm\prims\jni.cpp, line 710]
Event: 4411.578 Thread 0x000000001c693000 Exception <a 'sun/nio/fs/WindowsException'> (0x00000000e76bfa10) thrown at [D:\src\AOSP-openjdk-cygwin\jdk8u\hotspot\src\share\vm\prims\jni.cpp, line 710]
Event: 4427.496 Thread 0x00000000298c4000 Exception <a 'sun/nio/fs/WindowsException'> (0x00000000e588e908) thrown at [D:\src\AOSP-openjdk-cygwin\jdk8u\hotspot\src\share\vm\prims\jni.cpp, line 710]
Event: 4429.110 Thread 0x00000000298c1000 Exception <a 'sun/nio/fs/WindowsException'> (0x00000000ec8a4510) thrown at [D:\src\AOSP-openjdk-cygwin\jdk8u\hotspot\src\share\vm\prims\jni.cpp, line 710]
Event: 4429.495 Thread 0x000000001c687000 Exception <a 'java/lang/NoSuchMethodError': <clinit>> (0x00000000ecbca358) thrown at [D:\src\AOSP-openjdk-cygwin\jdk8u\hotspot\src\share\vm\prims\jni.cpp, line 1614]
Event: 4429.496 Thread 0x000000001c687000 Exception <a 'java/lang/NoSuchMethodError': <clinit>> (0x00000000ecbcebb8) thrown at [D:\src\AOSP-openjdk-cygwin\jdk8u\hotspot\src\share\vm\prims\jni.cpp, line 1614]
Event: 4429.498 Thread 0x000000001c687000 Exception <a 'java/lang/NoSuchMethodError': <clinit>> (0x00000000ecbdd7a8) thrown at [D:\src\AOSP-openjdk-cygwin\jdk8u\hotspot\src\share\vm\prims\jni.cpp, line 1614]
Event: 4429.502 Thread 0x000000001c687000 Exception <a 'java/lang/NoSuchMethodError': <clinit>> (0x00000000ecbef210) thrown at [D:\src\AOSP-openjdk-cygwin\jdk8u\hotspot\src\share\vm\prims\jni.cpp, line 1614]

Events (10 events):
Event: 4429.670 loading class com/android/builder/files/KeyedFileCache done
Event: 4429.686 loading class com/android/builder/files/KeyedFileCache
Event: 4429.686 loading class com/android/builder/files/KeyedFileCache done
Event: 4429.687 Executing VM operation: Deoptimize
Event: 4429.693 Executing VM operation: Deoptimize done
Event: 4429.747 loading class com/android/build/gradle/internal/packaging/IncrementalPackagerBuilder
Event: 4429.747 loading class com/android/build/gradle/internal/packaging/IncrementalPackagerBuilder done
Event: 4429.773 loading class com/android/tools/build/apkzlib/zfile/ApkCreatorFactory$CreationData
Event: 4429.773 loading class com/android/tools/build/apkzlib/zfile/ApkCreatorFactory$CreationData done
Event: 4429.773 Executing VM operation: RevokeBias


Dynamic libraries:
0x00007ff6c0420000 - 0x00007ff6c0451000 	C:\Program Files\Android\Android Studio\jre\bin\java.exe
0x00007ffdd5180000 - 0x00007ffdd5370000 	C:\Windows\SYSTEM32\ntdll.dll
0x00007ffdd4df0000 - 0x00007ffdd4ea2000 	C:\Windows\System32\KERNEL32.DLL
0x00007ffdd23b0000 - 0x00007ffdd2653000 	C:\Windows\System32\KERNELBASE.dll
0x00007ffdd3f40000 - 0x00007ffdd3fe3000 	C:\Windows\System32\ADVAPI32.dll
0x00007ffdd4af0000 - 0x00007ffdd4b8e000 	C:\Windows\System32\msvcrt.dll
0x00007ffdd4d50000 - 0x00007ffdd4de7000 	C:\Windows\System32\sechost.dll
0x00007ffdd44a0000 - 0x00007ffdd45c0000 	C:\Windows\System32\RPCRT4.dll
0x00007ffdd4730000 - 0x00007ffdd48c4000 	C:\Windows\System32\USER32.dll
0x00007ffdd3100000 - 0x00007ffdd3121000 	C:\Windows\System32\win32u.dll
0x00007ffdd5110000 - 0x00007ffdd5136000 	C:\Windows\System32\GDI32.dll
0x00007ffdd26e0000 - 0x00007ffdd2874000 	C:\Windows\System32\gdi32full.dll
0x00007ffdd2310000 - 0x00007ffdd23ae000 	C:\Windows\System32\msvcp_win.dll
0x00007ffdd3000000 - 0x00007ffdd30fa000 	C:\Windows\System32\ucrtbase.dll
0x00007ffdc2870000 - 0x00007ffdc2af5000 	C:\Windows\WinSxS\amd64_microsoft.windows.common-controls_6595b64144ccf1df_6.0.18362.657_none_e6c5b579130e3898\COMCTL32.dll
0x00007ffdd4160000 - 0x00007ffdd4496000 	C:\Windows\System32\combase.dll
0x00007ffdd2660000 - 0x00007ffdd26e0000 	C:\Windows\System32\bcryptPrimitives.dll
0x00007ffdd49f0000 - 0x00007ffdd4a1e000 	C:\Windows\System32\IMM32.DLL
0x000000005fd90000 - 0x000000005fe62000 	C:\Program Files\Android\Android Studio\jre\jre\bin\msvcr100.dll
0x00000000601a0000 - 0x00000000609e6000 	C:\Program Files\Android\Android Studio\jre\jre\bin\server\jvm.dll
0x00007ffdd4b90000 - 0x00007ffdd4b98000 	C:\Windows\System32\PSAPI.DLL
0x00007ffdbbed0000 - 0x00007ffdbbed9000 	C:\Windows\SYSTEM32\WSOCK32.dll
0x00007ffdced10000 - 0x00007ffdced34000 	C:\Windows\SYSTEM32\WINMM.dll
0x00007ffdd46c0000 - 0x00007ffdd472f000 	C:\Windows\System32\WS2_32.dll
0x00007ffdc6020000 - 0x00007ffdc602a000 	C:\Windows\SYSTEM32\VERSION.dll
0x00007ffdcece0000 - 0x00007ffdced0d000 	C:\Windows\SYSTEM32\WINMMBASE.dll
0x00007ffdd22c0000 - 0x00007ffdd230a000 	C:\Windows\System32\cfgmgr32.dll
0x00007ffdb18a0000 - 0x00007ffdb18af000 	C:\Program Files\Android\Android Studio\jre\jre\bin\verify.dll
0x00007ffdac1e0000 - 0x00007ffdac209000 	C:\Program Files\Android\Android Studio\jre\jre\bin\java.dll
0x00007ffdac1c0000 - 0x00007ffdac1d6000 	C:\Program Files\Android\Android Studio\jre\jre\bin\zip.dll
0x00007ffdd3230000 - 0x00007ffdd3915000 	C:\Windows\System32\SHELL32.dll
0x00007ffdd5060000 - 0x00007ffdd5109000 	C:\Windows\System32\shcore.dll
0x00007ffdd2880000 - 0x00007ffdd2fff000 	C:\Windows\System32\windows.storage.dll
0x00007ffdd20f0000 - 0x00007ffdd210f000 	C:\Windows\System32\profapi.dll
0x00007ffdd20a0000 - 0x00007ffdd20ea000 	C:\Windows\System32\powrprof.dll
0x00007ffdd2050000 - 0x00007ffdd2060000 	C:\Windows\System32\UMPDC.dll
0x00007ffdd45c0000 - 0x00007ffdd4612000 	C:\Windows\System32\shlwapi.dll
0x00007ffdd2060000 - 0x00007ffdd2071000 	C:\Windows\System32\kernel.appcore.dll
0x00007ffdd31e0000 - 0x00007ffdd31f7000 	C:\Windows\System32\cryptsp.dll
0x00007ffdac1a0000 - 0x00007ffdac1ba000 	C:\Program Files\Android\Android Studio\jre\jre\bin\net.dll
0x00007ffdc3930000 - 0x00007ffdc3b06000 	C:\Windows\SYSTEM32\urlmon.dll
0x00007ffdc3d20000 - 0x00007ffdc3fc6000 	C:\Windows\SYSTEM32\iertutil.dll
0x00007ffdd1a30000 - 0x00007ffdd1a3c000 	C:\Windows\SYSTEM32\CRYPTBASE.DLL
0x00007ffdd1860000 - 0x00007ffdd18c7000 	C:\Windows\system32\mswsock.dll
0x00007ffdac180000 - 0x00007ffdac193000 	C:\Program Files\Android\Android Studio\jre\jre\bin\nio.dll
0x00007ffdb29e0000 - 0x00007ffdb2a06000 	C:\Users\Aleth\.gradle\native\30\windows-amd64\native-platform.dll
0x00007ffdac850000 - 0x00007ffdac85d000 	C:\Program Files\Android\Android Studio\jre\jre\bin\management.dll
0x00007ffdd13d0000 - 0x00007ffdd1403000 	C:\Windows\system32\rsaenh.dll
0x00007ffdd3200000 - 0x00007ffdd3226000 	C:\Windows\System32\bcrypt.dll
0x00007ffdd1f70000 - 0x00007ffdd1f95000 	C:\Windows\SYSTEM32\USERENV.dll
0x00007ffdd1570000 - 0x00007ffdd15aa000 	C:\Windows\SYSTEM32\IPHLPAPI.DLL
0x00007ffdd3f30000 - 0x00007ffdd3f38000 	C:\Windows\System32\NSI.dll
0x00007ffdc6030000 - 0x00007ffdc6046000 	C:\Windows\SYSTEM32\dhcpcsvc6.DLL
0x00007ffdc6120000 - 0x00007ffdc613c000 	C:\Windows\SYSTEM32\dhcpcsvc.DLL
0x00007ffdd15b0000 - 0x00007ffdd167a000 	C:\Windows\SYSTEM32\DNSAPI.dll
0x00007ffdd10b0000 - 0x00007ffdd10e1000 	C:\Windows\SYSTEM32\ntmarta.dll
0x00007ffdabe50000 - 0x00007ffdabe74000 	C:\Program Files\Android\Android Studio\jre\jre\bin\sunec.dll
0x0000000060df0000 - 0x0000000060dfa000 	C:\Program Files\National Instruments\Shared\mDNS Responder\nimdnsNSP.dll
0x0000000060de0000 - 0x0000000060df0000 	C:\Windows\SYSTEM32\nimdnsResponder.dll
0x00007ffdbbe50000 - 0x00007ffdbbe66000 	C:\Windows\SYSTEM32\VCRUNTIME140.dll
0x00007ffdbfba0000 - 0x00007ffdbfbaa000 	C:\Windows\System32\rasadhlp.dll
0x00007ffdc5f40000 - 0x00007ffdc5fb7000 	C:\Windows\System32\fwpuclnt.dll
0x00007ffdc0e50000 - 0x00007ffdc0e5b000 	C:\Program Files\Android\Android Studio\jre\jre\bin\sunmscapi.dll
0x00007ffdd2170000 - 0x00007ffdd22b9000 	C:\Windows\System32\CRYPT32.dll
0x00007ffdd2080000 - 0x00007ffdd2092000 	C:\Windows\System32\MSASN1.dll
0x00007ffdabfe0000 - 0x00007ffdac17c000 	C:\Program Files\Android\Android Studio\jre\jre\bin\awt.dll
0x00007ffdd4a20000 - 0x00007ffdd4ae4000 	C:\Windows\System32\OLEAUT32.dll
0x00007ffdd07f0000 - 0x00007ffdd081d000 	C:\Windows\SYSTEM32\dwmapi.dll
0x00007ffdcee20000 - 0x00007ffdcf3e0000 	C:\Windows\SYSTEM32\d2d1.dll
0x00007ffdd02d0000 - 0x00007ffdd035f000 	C:\Windows\SYSTEM32\apphelp.dll
0x00007ffdd03d0000 - 0x00007ffdd0469000 	C:\Windows\system32\uxtheme.dll

VM Arguments:
jvm_args: -Xmx1536m -Dfile.encoding=windows-1252 -Duser.country=PH -Duser.language=en -Duser.variant 
java_command: org.gradle.launcher.daemon.bootstrap.GradleDaemon 5.6.4
java_class_path (initial): C:\Users\Aleth\.gradle\wrapper\dists\gradle-5.6.4-all\ankdp27end7byghfw1q2sw75f\gradle-5.6.4\lib\gradle-launcher-5.6.4.jar
Launcher Type: SUN_STANDARD

Environment Variables:
PATH=C:\Windows\system32;C:\Windows;C:\Windows\System32\Wbem;C:\Windows\System32\WindowsPowerShell\v1.0\;C:\Windows\System32\OpenSSH\;C:\Users\Aleth\AppData\Local\Microsoft\WindowsApps;C:\Users\Aleth\AppData\Local\GitHubDesktop\bin
USERNAME=Aleth
OS=Windows_NT
PROCESSOR_IDENTIFIER=Intel64 Family 6 Model 92 Stepping 9, GenuineIntel



---------------  S Y S T E M  ---------------

OS: Windows 10.0 , 64 bit Build 18362 (10.0.18362.329)

CPU:total 4 (initial active 4) (4 cores per cpu, 1 threads per core) family 6 model 92 stepping 9, cmov, cx8, fxsr, mmx, sse, sse2, sse3, ssse3, sse4.1, sse4.2, popcnt, aes, clmul, erms, 3dnowpref, tsc, tscinvbit

Memory: 4k page, physical 4014400k(362740k free), swap 16073024k(6248k free)

vm_info: OpenJDK 64-Bit Server VM (25.212-b04) for windows-amd64 JRE (1.8.0_212-release-1586-b04), built by "builder" with MS VC++ 10.0 (VS2010)

time: Mon Mar 23 15:51:15 2020
timezone: Malay Peninsula Standard Time
elapsed time: 4429 seconds (0d 1h 13m 49s)

